Performing C SOURCE FILE Test CMAKE_HAVE_LIBC_PTHREAD failed with the following output:
Change Dir: /root/techpark_dz1/build/CMakeFiles/CMakeTmp

Run Build Command(s):/usr/bin/gmake cmTC_af35c/fast && gmake[1]: Entering directory '/root/techpark_dz1/build/CMakeFiles/CMakeTmp'
/usr/bin/gmake  -f CMakeFiles/cmTC_af35c.dir/build.make CMakeFiles/cmTC_af35c.dir/build
gmake[2]: Entering directory '/root/techpark_dz1/build/CMakeFiles/CMakeTmp'
Building C object CMakeFiles/cmTC_af35c.dir/src.c.o
/usr/bin/cc   -DCMAKE_HAVE_LIBC_PTHREAD -o CMakeFiles/cmTC_af35c.dir/src.c.o -c /root/techpark_dz1/build/CMakeFiles/CMakeTmp/src.c
Linking C executable cmTC_af35c
/usr/bin/cmake -E cmake_link_script CMakeFiles/cmTC_af35c.dir/link.txt --verbose=1
/usr/bin/cc  -DCMAKE_HAVE_LIBC_PTHREAD  -coverage -lgcov -coverage -lgcov  CMakeFiles/cmTC_af35c.dir/src.c.o -o cmTC_af35c 
/usr/bin/ld: CMakeFiles/cmTC_af35c.dir/src.c.o: in function `main':
src.c:(.text+0x2d): undefined reference to `pthread_create'
/usr/bin/ld: src.c:(.text+0x39): undefined reference to `pthread_detach'
/usr/bin/ld: src.c:(.text+0x45): undefined reference to `pthread_cancel'
/usr/bin/ld: src.c:(.text+0x56): undefined reference to `pthread_join'
collect2: error: ld returned 1 exit status
gmake[2]: *** [CMakeFiles/cmTC_af35c.dir/build.make:106: cmTC_af35c] Error 1
gmake[2]: Leaving directory '/root/techpark_dz1/build/CMakeFiles/CMakeTmp'
gmake[1]: *** [Makefile:140: cmTC_af35c/fast] Error 2
gmake[1]: Leaving directory '/root/techpark_dz1/build/CMakeFiles/CMakeTmp'


Source file was:
#include <pthread.h>

void* test_func(void* data)
{
  return data;
}

int main(void)
{
  pthread_t thread;
  pthread_create(&thread, NULL, test_func, NULL);
  pthread_detach(thread);
  pthread_cancel(thread);
  pthread_join(thread, NULL);
  pthread_atfork(NULL, NULL, NULL);
  pthread_exit(NULL);

  return 0;
}

Determining if the function pthread_create exists in the pthreads failed with the following output:
Change Dir: /root/techpark_dz1/build/CMakeFiles/CMakeTmp

Run Build Command(s):/usr/bin/gmake cmTC_1c602/fast && gmake[1]: Entering directory '/root/techpark_dz1/build/CMakeFiles/CMakeTmp'
/usr/bin/gmake  -f CMakeFiles/cmTC_1c602.dir/build.make CMakeFiles/cmTC_1c602.dir/build
gmake[2]: Entering directory '/root/techpark_dz1/build/CMakeFiles/CMakeTmp'
Building C object CMakeFiles/cmTC_1c602.dir/CheckFunctionExists.c.o
/usr/bin/cc   -DCHECK_FUNCTION_EXISTS=pthread_create -o CMakeFiles/cmTC_1c602.dir/CheckFunctionExists.c.o -c /usr/share/cmake-3.18/Modules/CheckFunctionExists.c
Linking C executable cmTC_1c602
/usr/bin/cmake -E cmake_link_script CMakeFiles/cmTC_1c602.dir/link.txt --verbose=1
/usr/bin/cc  -DCHECK_FUNCTION_EXISTS=pthread_create  -coverage -lgcov -coverage -lgcov  CMakeFiles/cmTC_1c602.dir/CheckFunctionExists.c.o -o cmTC_1c602  -lpthreads 
/usr/bin/ld: cannot find -lpthreads
collect2: error: ld returned 1 exit status
gmake[2]: *** [CMakeFiles/cmTC_1c602.dir/build.make:106: cmTC_1c602] Error 1
gmake[2]: Leaving directory '/root/techpark_dz1/build/CMakeFiles/CMakeTmp'
gmake[1]: *** [Makefile:140: cmTC_1c602/fast] Error 2
gmake[1]: Leaving directory '/root/techpark_dz1/build/CMakeFiles/CMakeTmp'



